<?xml version="1.0" encoding="UTF-8"?>
<testsuite name="com.sinse.chat.chat.ChatPreFilterInterceptorTest" tests="1" skipped="0" failures="1" errors="0" timestamp="2025-10-06T06:20:31" hostname="yanghyeonjig-ui-MacBookPro.local" time="0.611">
  <properties/>
  <testcase name="모더레이션이 차단이면 MessagingException(BLOCKED_CONTENT)" classname="com.sinse.chat.chat.ChatPreFilterInterceptorTest" time="0.611">
    <failure message="org.opentest4j.AssertionFailedError: Unexpected exception type thrown, expected: &lt;org.springframework.messaging.MessagingException&gt; but was: &lt;java.lang.NullPointerException&gt;" type="org.opentest4j.AssertionFailedError">org.opentest4j.AssertionFailedError: Unexpected exception type thrown, expected: &lt;org.springframework.messaging.MessagingException&gt; but was: &lt;java.lang.NullPointerException&gt;
	at app//org.junit.jupiter.api.AssertionFailureBuilder.build(AssertionFailureBuilder.java:151)
	at app//org.junit.jupiter.api.AssertThrows.assertThrows(AssertThrows.java:67)
	at app//org.junit.jupiter.api.AssertThrows.assertThrows(AssertThrows.java:35)
	at app//org.junit.jupiter.api.Assertions.assertThrows(Assertions.java:3128)
	at app//com.sinse.chat.chat.ChatPreFilterInterceptorTest.blockedContentThrows(ChatPreFilterInterceptorTest.java:52)
	at java.base@21.0.5/java.lang.reflect.Method.invoke(Method.java:580)
	at java.base@21.0.5/java.util.ArrayList.forEach(ArrayList.java:1596)
	at java.base@21.0.5/java.util.ArrayList.forEach(ArrayList.java:1596)
Caused by: java.lang.NullPointerException: Cannot invoke &quot;org.springframework.data.redis.core.RedisTemplate.hasKey(Object)&quot; because &quot;this.redisTemplate&quot; is null
	at com.sinse.chat.chat.ChatPreFilterInterceptor.preSend(ChatPreFilterInterceptor.java:82)
	at com.sinse.chat.chat.ChatPreFilterInterceptorTest.lambda$blockedContentThrows$1(ChatPreFilterInterceptorTest.java:52)
	at org.junit.jupiter.api.AssertThrows.assertThrows(AssertThrows.java:53)
	... 6 more
</failure>
  </testcase>
  <system-out><![CDATA[]]></system-out>
  <system-err><![CDATA[Mockito is currently self-attaching to enable the inline-mock-maker. This will no longer work in future releases of the JDK. Please add Mockito as an agent to your build as described in Mockito's documentation: https://javadoc.io/doc/org.mockito/mockito-core/latest/org.mockito/org/mockito/Mockito.html#0.3
WARNING: A Java agent has been loaded dynamically (/Users/yanghyunjik/.gradle/caches/modules-2/files-2.1/net.bytebuddy/byte-buddy-agent/1.17.7/fbf3d6d649ed37fc9e9c59480a05be0a26e3c2da/byte-buddy-agent-1.17.7.jar)
WARNING: If a serviceability tool is in use, please run with -XX:+EnableDynamicAgentLoading to hide this warning
WARNING: If a serviceability tool is not in use, please run with -Djdk.instrument.traceUsage for more information
WARNING: Dynamic loading of agents will be disallowed by default in a future release
]]></system-err>
</testsuite>
